#
# There is insufficient memory for the Java Runtime Environment to continue.
# Native memory allocation (malloc) failed to allocate 1048576 bytes for AllocateHeap
# Possible reasons:
#   The system is out of physical RAM or swap space
#   In 32 bit mode, the process size limit was hit
# Possible solutions:
#   Reduce memory load on the system
#   Increase physical memory or swap space
#   Check if swap backing store is full
#   Use 64 bit Java on a 64 bit OS
#   Decrease Java heap size (-Xmx/-Xms)
#   Decrease number of Java threads
#   Decrease Java thread stack sizes (-Xss)
#   Set larger code cache with -XX:ReservedCodeCacheSize=
# This output file may be truncated or incomplete.
#
#  Out of Memory Error (memory/allocation.inline.hpp:61), pid=17068, tid=0x0000000000002d44
#
# JRE version:  (8.0_121-b13) (build )
# Java VM: Java HotSpot(TM) 64-Bit Server VM (25.121-b13 mixed mode windows-amd64 compressed oops)
# Failed to write core dump. Minidumps are not enabled by default on client versions of Windows
#

---------------  T H R E A D  ---------------

Current thread (0x0000000002890800):  JavaThread "Unknown thread" [_thread_in_vm, id=11588, stack(0x0000000001060000,0x0000000001160000)]

Stack: [0x0000000001060000,0x0000000001160000]
[error occurred during error reporting (printing stack bounds), id 0xc0000005]

Native frames: (J=compiled Java code, j=interpreted, Vv=VM code, C=native code)


---------------  P R O C E S S  ---------------

Java Threads: ( => current thread )

Other Threads:

=>0x0000000002890800 (exited) JavaThread "Unknown thread" [_thread_in_vm, id=11588, stack(0x0000000001060000,0x0000000001160000)]

VM state:not at safepoint (normal execution)

VM Mutex/Monitor currently owned by a thread: None

Heap:
 PSYoungGen      total 38400K, used 665K [0x00000000d5d80000, 0x00000000d8800000, 0x0000000100000000)
  eden space 33280K, 2% used [0x00000000d5d80000,0x00000000d5e26670,0x00000000d7e00000)
  from space 5120K, 0% used [0x00000000d8300000,0x00000000d8300000,0x00000000d8800000)
  to   space 5120K, 0% used [0x00000000d7e00000,0x00000000d7e00000,0x00000000d8300000)
 ParOldGen       total 87552K, used 0K [0x0000000081800000, 0x0000000086d80000, 0x00000000d5d80000)
  object space 87552K, 0% used [0x0000000081800000,0x0000000081800000,0x0000000086d80000)
 Metaspace       used 770K, capacity 4480K, committed 4480K, reserved 1056768K
  class space    used 75K, capacity 384K, committed 384K, reserved 1048576K

Card table byte_map: [0x0000000011d60000,0x0000000012160000] byte_map_base: 0x0000000011954000

Marking Bits: (ParMarkBitMap*) 0x000000006b28b6d0
 Begin Bits: [0x0000000012810000, 0x00000000147b0000)
 End Bits:   [0x00000000147b0000, 0x0000000016750000)

Polling page: 0x0000000000ef0000

CodeCache: size=245760Kb used=328Kb max_used=328Kb free=245431Kb
 bounds [0x00000000029a0000, 0x0000000002c10000, 0x00000000119a0000]
 total_blobs=58 nmethods=0 adapters=38
 compilation: enabled

Compilation events (0 events):
No events

GC Heap History (0 events):
No events

Deoptimization events (0 events):
No events

Internal exceptions (0 events):
No events

Events (10 events):
Event: 0.022 loading class java/lang/Short
Event: 0.022 loading class java/lang/Short done
Event: 0.022 loading class java/lang/Integer
Event: 0.022 loading class java/lang/Integer done
Event: 0.022 loading class java/lang/Long
Event: 0.022 loading class java/lang/Long done
Event: 0.023 loading class java/lang/NullPointerException
Event: 0.023 loading class java/lang/NullPointerException done
Event: 0.023 loading class java/lang/ArithmeticException
Event: 0.023 loading class java/lang/ArithmeticException done


Dynamic libraries:
0x00007ff63e540000 - 0x00007ff63e577000 	C:\Program Files\Java\jdk1.8.0_121\bin\javaw.exe
0x00007ffa95cb0000 - 0x00007ffa95e5d000 	C:\Windows\SYSTEM32\ntdll.dll
0x00007ffa95980000 - 0x00007ffa95abe000 	C:\Windows\system32\KERNEL32.DLL
0x00007ffa930e0000 - 0x00007ffa931f5000 	C:\Windows\system32\KERNELBASE.dll
0x00007ffa919a0000 - 0x00007ffa91a2e000 	C:\Windows\system32\apphelp.dll
0x00007ffa89b50000 - 0x00007ffa89ba3000 	C:\Windows\AppPatch\AppPatch64\AcGenral.DLL
0x00007ffa936c0000 - 0x00007ffa9376a000 	C:\Windows\system32\msvcrt.dll
0x00007ffa93200000 - 0x00007ffa9322e000 	C:\Windows\system32\SspiCli.dll
0x00007ffa952e0000 - 0x00007ffa95334000 	C:\Windows\system32\SHLWAPI.dll
0x00007ffa95b30000 - 0x00007ffa95ca7000 	C:\Windows\system32\USER32.dll
0x00007ffa95140000 - 0x00007ffa952d4000 	C:\Windows\system32\ole32.dll
0x00007ffa93c10000 - 0x00007ffa95139000 	C:\Windows\system32\SHELL32.dll
0x00007ffa923a0000 - 0x00007ffa923c1000 	C:\Windows\SYSTEM32\USERENV.dll
0x00007ffa95380000 - 0x00007ffa9542a000 	C:\Windows\system32\ADVAPI32.dll
0x00007ffa8a6d0000 - 0x00007ffa8a6ee000 	C:\Windows\SYSTEM32\MPR.dll
0x00007ffa93ad0000 - 0x00007ffa93c10000 	C:\Windows\system32\RPCRT4.dll
0x00007ffa95850000 - 0x00007ffa958a9000 	C:\Windows\SYSTEM32\sechost.dll
0x00007ffa934a0000 - 0x00007ffa936b2000 	C:\Windows\SYSTEM32\combase.dll
0x00007ffa956f0000 - 0x00007ffa9583b000 	C:\Windows\system32\GDI32.dll
0x00007ffa92de0000 - 0x00007ffa92df5000 	C:\Windows\SYSTEM32\profapi.dll
0x00007ffa91350000 - 0x00007ffa91402000 	C:\Windows\SYSTEM32\SHCORE.dll
0x00007ffa95340000 - 0x00007ffa95376000 	C:\Windows\system32\IMM32.DLL
0x00007ffa93340000 - 0x00007ffa93491000 	C:\Windows\system32\MSCTF.dll
0x00007ffa90d20000 - 0x00007ffa90f9b000 	C:\Windows\WinSxS\amd64_microsoft.windows.common-controls_6595b64144ccf1df_6.0.9600.18006_none_623f33d3ecbe86e8\COMCTL32.dll
0x000000006a8b0000 - 0x000000006a982000 	C:\Program Files\Java\jdk1.8.0_121\jre\bin\msvcr100.dll
0x000000006aa70000 - 0x000000006b30b000 	C:\Program Files\Java\jdk1.8.0_121\jre\bin\server\jvm.dll
0x00007ffa90a20000 - 0x00007ffa90a29000 	C:\Windows\SYSTEM32\WSOCK32.dll
0x00007ffa8c2f0000 - 0x00007ffa8c312000 	C:\Windows\SYSTEM32\WINMM.dll
0x00007ffa8b290000 - 0x00007ffa8b29a000 	C:\Windows\SYSTEM32\VERSION.dll
0x00007ffa93ac0000 - 0x00007ffa93ac7000 	C:\Windows\system32\PSAPI.DLL
0x00007ffa95ad0000 - 0x00007ffa95b2a000 	C:\Windows\system32\WS2_32.dll
0x00007ffa8c2c0000 - 0x00007ffa8c2ea000 	C:\Windows\SYSTEM32\WINMMBASE.dll
0x00007ffa956e0000 - 0x00007ffa956e9000 	C:\Windows\system32\NSI.dll
0x00007ffa92eb0000 - 0x00007ffa92eff000 	C:\Windows\SYSTEM32\cfgmgr32.dll
0x00007ffa91bf0000 - 0x00007ffa91c18000 	C:\Windows\SYSTEM32\DEVOBJ.dll
0x000000006aa60000 - 0x000000006aa6f000 	C:\Program Files\Java\jdk1.8.0_121\jre\bin\verify.dll
0x000000006aa30000 - 0x000000006aa59000 	C:\Program Files\Java\jdk1.8.0_121\jre\bin\java.dll
0x000000006aa10000 - 0x000000006aa26000 	C:\Program Files\Java\jdk1.8.0_121\jre\bin\zip.dll

VM Arguments:
jvm_args: -Dfile.encoding=Cp1252 
java_command: tn.iit.map.Principal
java_class_path (initial): E:\personnel\2emeGenieInfo\Projets\RH_projet\Simulateur_de_Voiture\bin
Launcher Type: SUN_STANDARD

Environment Variables:
PATH=C:/Program Files/Java/jdk1.8.0_121/bin/../jre/bin/server;C:/Program Files/Java/jdk1.8.0_121/bin/../jre/bin;C:/Program Files/Java/jdk1.8.0_121/bin/../jre/lib/amd64;C:\ProgramData\Oracle\Java\javapath;C:\Program Files (x86)\Intel\iCLS Client\;C:\Program Files\Intel\iCLS Client\;C:\Windows\system32;C:\Windows;C:\Windows\System32\Wbem;C:\Windows\System32\WindowsPowerShell\v1.0\;C:\Program Files (x86)\ATI Technologies\ATI.ACE\Core-Static;C:\Program Files\Intel\Intel(R) Management Engine Components\DAL;C:\Program Files\Intel\Intel(R) Management Engine Components\IPT;C:\Program Files (x86)\Intel\Intel(R) Management Engine Components\DAL;C:\Program Files (x86)\Intel\Intel(R) Management Engine Components\IPT;C:\Users\mo5\.dnx\bin;C:\Program Files\Microsoft DNX\Dnvm\;C:\Program Files (x86)\Windows Kits\8.1\Windows Performance Toolkit\;C:\Program Files\Microsoft SQL Server\120\Tools\Binn\;C:\Program Files (x86)\GtkSharp\2.12\bin;C:\Program Files\Java\jdk1.8.0_121\bin;C:\Program Files\Git\cmd;C:\xampp\php;C:\Program Files (x86)\Java\jre1.8.0_144\bin;C:\JFLEX\bin;C:\Program Files (x86)\Java\jre1.8.0_144\bin;E:\programmes\eclipse-jee-mars-R-win32-x86_64\eclipse;
USERNAME=mo5
OS=Windows_NT
PROCESSOR_IDENTIFIER=Intel64 Family 6 Model 69 Stepping 1, GenuineIntel



---------------  S Y S T E M  ---------------

OS: Windows 8.1 , 64 bit Build 9600 (6.3.9600.17415)

CPU:total 4 (2 cores per cpu, 2 threads per core) family 6 model 69 stepping 1, cmov, cx8, fxsr, mmx, sse, sse2, sse3, ssse3, sse4.1, sse4.2, popcnt, avx, avx2, aes, clmul, erms, lzcnt, ht, tsc, tscinvbit, bmi1, bmi2

Memory: 4k page, physical 8282476k(972748k free), swap 33448300k(5420k free)

vm_info: Java HotSpot(TM) 64-Bit Server VM (25.121-b13) for windows-amd64 JRE (1.8.0_121-b13), built on Dec 12 2016 18:21:36 by "java_re" with MS VC++ 10.0 (VS2010)

time: Mon Oct 16 00:45:28 2017
elapsed time: 0 seconds (0d 0h 0m 0s)

